<?xml version="1.0" encoding="UTF-8"?>
<!-- Generated by org.testng.reporters.JUnitReportReporter -->
<testsuite hostname="LAPTOP-H1A5GPK0" failures="0" tests="1" name="FirstRound.BuyMobile" time="19.198" errors="0" timestamp="2021-01-30T02:01:08 IST" skipped="0">
  <testcase classname="FirstRound.BuyMobile" name="getMobilesInfo" time="19.198"/>
  <system-out>
Product Name and price fetched from UI and saved in HashMap as:{22499=Apple iPhone 6 (Gold, 32 GB), 29990=Apple iPhone 6s (Space Grey, 64 GB), 24999=Apple iPhone 7 (Jet Black, 32 GB), 25000=Apple iPhone 5s (Space Grey, 16 GB), 24490=Apple iPhone 6 (Space Grey, 64 GB), 29900=Apple iPhone 6s (Gold, 32 GB), 49999=Apple iPhone 11 (White, 64 GB), 25999=Apple iPhone 6 (Gold, 64 GB), 13999=Apple IPhone 4 (White, 8 GB), 22900=Apple IPhone 4 (Black, 8 GB), 19990=Apple iPhone 6 (Space Grey, 16 GB), 14999=Apple iPhone 5s (Gold, 16 GB), 22490=Apple iPhone 6s (Silver, 16 GB), 24990=Apple iPhone 6 (Space Grey, 32 GB), 43999=Apple iPhone XR (Black, 64 GB) (Includes EarPods, Power Adapter)}<br>  </system-out>
</testsuite> <!-- FirstRound.BuyMobile -->
