<?xml version="1.0" encoding="UTF-8"?>
<!-- Generated by org.testng.reporters.JUnitReportReporter -->
<testsuite hostname="LAPTOP-H1A5GPK0" failures="0" tests="1" name="FirstRound.calen" time="71.942" errors="0" timestamp="2021-01-22T20:59:02 IST" skipped="0">
  <testcase classname="FirstRound.calen" name="getdata" time="71.942"/>
  <system-out/>
</testsuite> <!-- FirstRound.calen -->
