<?xml version="1.0" encoding="UTF-8"?>
<!-- Generated by org.testng.reporters.JUnitReportReporter -->
<testsuite hostname="LAPTOP-H1A5GPK0" failures="0" tests="1" name="FirstRound.calen2" time="14.339" errors="0" timestamp="2021-01-28T15:57:55 IST" skipped="0">
  <testcase classname="FirstRound.calen2" name="getdata" time="14.339"/>
  <system-out/>
</testsuite> <!-- FirstRound.calen2 -->
