<?xml version="1.0" encoding="UTF-8"?>
<!-- Generated by org.testng.reporters.JUnitReportReporter -->
<testsuite hostname="LAPTOP-H1A5GPK0" failures="0" tests="1" name="com.ui.automation.assignment.MobileInfo" time="23.035" errors="1" timestamp="2021-01-30T11:38:13 IST" skipped="0">
  <testcase classname="com.ui.automation.assignment.MobileInfo" name="getMobilesInfo" time="23.035">
    <error message="begin 22499, end 24490, length 2" type="java.lang.StringIndexOutOfBoundsException">
      <![CDATA[java.lang.StringIndexOutOfBoundsException: begin 22499, end 24490, length 2
at java.base/java.lang.String.checkBoundsBeginEnd(String.java:3410)
at java.base/java.lang.String.substring(String.java:1883)
at java.base/java.lang.String.subSequence(String.java:1922)
at java.base/java.io.OutputStreamWriter.append(OutputStreamWriter.java:235)
at com.ui.automation.assignment.MobileInfo.getMobilesInfo(MobileInfo.java:100)
at java.base/jdk.internal.reflect.NativeMethodAccessorImpl.invoke0(Native Method)
at java.base/jdk.internal.reflect.NativeMethodAccessorImpl.invoke(NativeMethodAccessorImpl.java:62)
at java.base/jdk.internal.reflect.DelegatingMethodAccessorImpl.invoke(DelegatingMethodAccessorImpl.java:43)
at java.base/java.lang.reflect.Method.invoke(Method.java:567)
at org.testng.internal.MethodInvocationHelper.invokeMethod(MethodInvocationHelper.java:132)
at org.testng.internal.TestInvoker.invokeMethod(TestInvoker.java:599)
at org.testng.internal.TestInvoker.invokeTestMethod(TestInvoker.java:174)
at org.testng.internal.MethodRunner.runInSequence(MethodRunner.java:46)
at org.testng.internal.TestInvoker$MethodInvocationAgent.invoke(TestInvoker.java:822)
at org.testng.internal.TestInvoker.invokeTestMethods(TestInvoker.java:147)
at org.testng.internal.TestMethodWorker.invokeTestMethods(TestMethodWorker.java:146)
at org.testng.internal.TestMethodWorker.run(TestMethodWorker.java:128)
at java.base/java.util.ArrayList.forEach(ArrayList.java:1540)
at org.testng.TestRunner.privateRun(TestRunner.java:764)
at org.testng.TestRunner.run(TestRunner.java:585)
at org.testng.SuiteRunner.runTest(SuiteRunner.java:384)
at org.testng.SuiteRunner.runSequentially(SuiteRunner.java:378)
at org.testng.SuiteRunner.privateRun(SuiteRunner.java:337)
at org.testng.SuiteRunner.run(SuiteRunner.java:286)
at org.testng.SuiteRunnerWorker.runSuite(SuiteRunnerWorker.java:53)
at org.testng.SuiteRunnerWorker.run(SuiteRunnerWorker.java:96)
at org.testng.TestNG.runSuitesSequentially(TestNG.java:1218)
at org.testng.TestNG.runSuitesLocally(TestNG.java:1140)
at org.testng.TestNG.runSuites(TestNG.java:1069)
at org.testng.TestNG.run(TestNG.java:1037)
at org.testng.remote.AbstractRemoteTestNG.run(AbstractRemoteTestNG.java:115)
at org.testng.remote.RemoteTestNG.initAndRun(RemoteTestNG.java:251)
at org.testng.remote.RemoteTestNG.main(RemoteTestNG.java:77)
]]>
    </error>
  </testcase> <!-- getMobilesInfo -->
  <system-out>
Product Name and price fetched from UI and saved in HashMap as:{22499=Apple iPhone 6 (Gold, 32 GB), 29990=Apple iPhone 6s (Space Grey, 64 GB), 24999=Apple iPhone 7 (Jet Black, 32 GB), 25000=Apple iPhone 5s (Space Grey, 16 GB), 24490=Apple iPhone 6 (Silver, 64 GB), 29900=Apple iPhone 6s (Gold, 32 GB), 25999=Apple iPhone 6 (Gold, 64 GB), 13999=Apple IPhone 4 (White, 8 GB), 22900=Apple IPhone 4 (Black, 8 GB), 19990=Apple iPhone 6 (Space Grey, 16 GB), 14999=Apple iPhone 5s (Gold, 16 GB), 22490=Apple iPhone 6s (Silver, 16 GB), 24990=Apple iPhone 6 (Space Grey, 32 GB)}<br>  </system-out>
</testsuite> <!-- com.ui.automation.assignment.MobileInfo -->
