<?xml version="1.0" encoding="UTF-8"?>
<!-- Generated by org.testng.reporters.JUnitReportReporter -->
<testsuite hostname="LAPTOP-H1A5GPK0" failures="0" tests="1" name="FirstRound.demo" time="16.357" errors="0" timestamp="2021-01-24T16:43:11 IST" skipped="0">
  <testcase classname="FirstRound.demo" name="getdata" time="16.357"/>
  <system-out/>
</testsuite> <!-- FirstRound.demo -->
